Using pre-set license
Built from '2020.3/staging' branch; Version is '2020.3.19f1 (68f137dc9bbe) revision 6877495'; Using compiler version '192528614'; Build Type 'Release'
OS: 'Windows 10 Pro; OS build 19042.1237; Version 2009; 64bit' Language: 'ru' Physical Memory: 8002 MB
BatchMode: 1, IsHumanControllingUs: 0, StartBugReporterOnCrash: 0, Is64bit: 1, IsPro: 0

COMMAND LINE ARGUMENTS:
C:\Program Files\Unity\Hub\Editor\2020.3.19f1\Editor\Unity.exe
-adb2
-batchMode
-noUpm
-name
AssetImportWorker0
-projectPath
D:/Git/Ludum_49
-logFile
Logs/AssetImportWorker0.log
-srvPort
51425
Successfully changed project path to: D:/Git/Ludum_49
D:/Git/Ludum_49
Using Asset Import Pipeline V2.
Refreshing native plugins compatible for Editor in 68.96 ms, found 2 plugins.
Preloading 0 native plugins for Editor in 0.00 ms.
Initialize engine version: 2020.3.19f1 (68f137dc9bbe)
[Subsystems] Discovering subsystems at path C:/Program Files/Unity/Hub/Editor/2020.3.19f1/Editor/Data/Resources/UnitySubsystems
[Subsystems] Discovering subsystems at path D:/Git/Ludum_49/Assets
GfxDevice: creating device client; threaded=0
Direct3D:
    Version:  Direct3D 11.0 [level 11.1]
    Renderer: Radeon RX 560X (ID=0x67ef)
    Vendor:   
    VRAM:     4076 MB
    Driver:   26.20.12036.4002
Initialize mono
Mono path[0] = 'C:/Program Files/Unity/Hub/Editor/2020.3.19f1/Editor/Data/Managed'
Mono path[1] = 'C:/Program Files/Unity/Hub/Editor/2020.3.19f1/Editor/Data/MonoBleedingEdge/lib/mono/unityjit'
Mono config path = 'C:/Program Files/Unity/Hub/Editor/2020.3.19f1/Editor/Data/MonoBleedingEdge/etc'
Using monoOptions --debugger-agent=transport=dt_socket,embedding=1,server=y,suspend=n,address=127.0.0.1:56884
Begin MonoManager ReloadAssembly
Registering precompiled unity dll's ...
Register platform support module: C:/Program Files/Unity/Hub/Editor/2020.3.19f1/Editor/Data/PlaybackEngines/WebGLSupport/UnityEditor.WebGL.Extensions.dll
Register platform support module: C:/Program Files/Unity/Hub/Editor/2020.3.19f1/Editor/Data/PlaybackEngines/WindowsStandaloneSupport/UnityEditor.WindowsStandalone.Extensions.dll
Registered in 0.003475 seconds.
Native extension for WindowsStandalone target not found
Native extension for WebGL target not found
Refreshing native plugins compatible for Editor in 54.60 ms, found 2 plugins.
Preloading 0 native plugins for Editor in 0.00 ms.
Mono: successfully reloaded assembly
- Completed reload, in  3.180 seconds
Domain Reload Profiling:
	ReloadAssembly (3181ms)
		BeginReloadAssembly (79ms)
			ExecutionOrderSort (0ms)
			DisableScriptedObjects (0ms)
			BackupInstance (0ms)
			ReleaseScriptingObjects (0ms)
			CreateAndSetChildDomain (1ms)
		EndReloadAssembly (614ms)
			LoadAssemblies (77ms)
			RebuildTransferFunctionScriptingTraits (0ms)
			SetupTypeCache (242ms)
			ReleaseScriptCaches (0ms)
			RebuildScriptCaches (39ms)
			SetupLoadedEditorAssemblies (241ms)
				LogAssemblyErrors (0ms)
				InitializePlatformSupportModulesInManaged (7ms)
				SetLoadedEditorAssemblies (0ms)
				RefreshPlugins (55ms)
				BeforeProcessingInitializeOnLoad (26ms)
				ProcessInitializeOnLoadAttributes (112ms)
				ProcessInitializeOnLoadMethodAttributes (41ms)
				AfterProcessingInitializeOnLoad (0ms)
				EditorAssembliesLoaded (0ms)
			ExecutionOrderSort2 (0ms)
			AwakeInstancesAfterBackupRestoration (0ms)
Platform modules already initialized, skipping
Registering precompiled user dll's ...
Registered in 0.003938 seconds.
Begin MonoManager ReloadAssembly
Native extension for WindowsStandalone target not found
Native extension for WebGL target not found
Refreshing native plugins compatible for Editor in 50.73 ms, found 2 plugins.
Preloading 0 native plugins for Editor in 0.00 ms.
Mono: successfully reloaded assembly
- Completed reload, in  1.613 seconds
Domain Reload Profiling:
	ReloadAssembly (1614ms)
		BeginReloadAssembly (208ms)
			ExecutionOrderSort (0ms)
			DisableScriptedObjects (9ms)
			BackupInstance (0ms)
			ReleaseScriptingObjects (0ms)
			CreateAndSetChildDomain (24ms)
		EndReloadAssembly (1319ms)
			LoadAssemblies (127ms)
			RebuildTransferFunctionScriptingTraits (0ms)
			SetupTypeCache (434ms)
			ReleaseScriptCaches (1ms)
			RebuildScriptCaches (75ms)
			SetupLoadedEditorAssemblies (527ms)
				LogAssemblyErrors (0ms)
				InitializePlatformSupportModulesInManaged (7ms)
				SetLoadedEditorAssemblies (1ms)
				RefreshPlugins (51ms)
				BeforeProcessingInitializeOnLoad (101ms)
				ProcessInitializeOnLoadAttributes (345ms)
				ProcessInitializeOnLoadMethodAttributes (13ms)
				AfterProcessingInitializeOnLoad (9ms)
				EditorAssembliesLoaded (0ms)
			ExecutionOrderSort2 (0ms)
			AwakeInstancesAfterBackupRestoration (10ms)
Platform modules already initialized, skipping
========================================================================
Worker process is ready to serve import requests
Launched and connected shader compiler UnityShaderCompiler.exe after 0.08 seconds
Refreshing native plugins compatible for Editor in 0.70 ms, found 2 plugins.
Preloading 0 native plugins for Editor in 0.00 ms.
Unloading 2133 Unused Serialized files (Serialized files now loaded: 0)
System memory in use before: 162.6 MB.
System memory in use after: 162.7 MB.

Unloading 25 unused Assets to reduce memory usage. Loaded Objects now: 2569.
Total: 4.220700 ms (FindLiveObjects: 0.569500 ms CreateObjectMapping: 0.086100 ms MarkObjects: 3.441600 ms  DeleteObjects: 0.121400 ms)

AssetImportParameters requested are different than current active one (requested -> active):
  custom:framework-win-MediaFoundation: 216162199b28c13a410421893ffa2e32 -> 
  custom:video-decoder-ogg-theora: a1e56fd34408186e4bbccfd4996cb3dc -> 
  custom:container-muxer-webm: aa71ff27fc2769a1b78a27578f13a17b -> 
  custom:container-demuxer-webm: 4f35f7cbe854078d1ac9338744f61a02 -> 
  custom:container-demuxer-ogg: 62fdf1f143b41e24485cea50d1cbac27 -> 
  custom:video-encoder-webm-vp8: eb34c28f22e8b96e1ab97ce403110664 -> 
  custom:video-decoder-webm-vp8: 9c59270c3fd7afecdb556c50c9e8de78 -> 
  custom:audio-decoder-ogg-vorbis: bf7c407c2cedff20999df2af8eb42d56 -> 
  custom:audio-encoder-webm-vorbis: bf7c407c2cedff20999df2af8eb42d56 -> 
========================================================================
Received Import Request.
  path: Assets/Prefabs/landing.prefab
  artifactKey: Guid(cb3ccd6c54cb1ae4bbd18b61b47ecf01) Importer(815301076,1909f56bfc062723c751e8b465ee728b)
Start importing Assets/Prefabs/landing.prefab using Guid(cb3ccd6c54cb1ae4bbd18b61b47ecf01) Importer(815301076,1909f56bfc062723c751e8b465ee728b)  -> (artifact id: 'd00ec3ee2f38192d8df2ecdc10601efd') in 0.306199 seconds 
  Import took 0.368421 seconds .

========================================================================
Received Import Request.
  Time since last request: 0.000307 seconds.
  path: Assets/Prefabs/UnstableEventsManager.prefab
  artifactKey: Guid(2d2c9172620e32542bd14cf4308b3df3) Importer(815301076,1909f56bfc062723c751e8b465ee728b)
Start importing Assets/Prefabs/UnstableEventsManager.prefab using Guid(2d2c9172620e32542bd14cf4308b3df3) Importer(815301076,1909f56bfc062723c751e8b465ee728b)  -> (artifact id: '0c2924572b9804a03f72483bd435d97c') in 0.008530 seconds 
  Import took 0.111924 seconds .

========================================================================
Received Import Request.
  Time since last request: 0.000285 seconds.
  path: Assets/Prefabs/Punch.prefab
  artifactKey: Guid(f6ec99739ca731f4191d7fe249bde585) Importer(815301076,1909f56bfc062723c751e8b465ee728b)
Start importing Assets/Prefabs/Punch.prefab using Guid(f6ec99739ca731f4191d7fe249bde585) Importer(815301076,1909f56bfc062723c751e8b465ee728b)  -> (artifact id: '772b26e8aef2178beba2dd97815b843d') in 0.020748 seconds 
  Import took 0.078941 seconds .

========================================================================
Received Import Request.
  Time since last request: 0.000269 seconds.
  path: Assets/Prefabs/PlayerArmature.prefab
  artifactKey: Guid(7f448b9af9a83224088487a9977d155e) Importer(815301076,1909f56bfc062723c751e8b465ee728b)
Start importing Assets/Prefabs/PlayerArmature.prefab using Guid(7f448b9af9a83224088487a9977d155e) Importer(815301076,1909f56bfc062723c751e8b465ee728b) Controller 'final_bolvan_UV_anim': Transition '' in state 'Boiiiiiiiii' uses parameter 'FreeFall' which is not compatible with condition type.
UnityEngine.StackTraceUtility:ExtractStackTrace ()
UnityEditor.EditorUtility:Internal_InstantiateRemoveAllNonAnimationComponentsSingle (UnityEngine.Object,UnityEngine.Vector3,UnityEngine.Quaternion)
UnityEditor.EditorUtility:InstantiateRemoveAllNonAnimationComponents (UnityEngine.Object,UnityEngine.Vector3,UnityEngine.Quaternion)
UnityEditor.EditorUtility:InstantiateForAnimatorPreview (UnityEngine.Object)
UnityEditor.GameObjectInspector/PreviewData:UpdateGameObject (UnityEngine.Object)
UnityEditor.GameObjectInspector/PreviewData:.ctor (UnityEngine.Object)
UnityEditor.GameObjectInspector:GetPreviewData ()
UnityEditor.GameObjectInspector:RenderStaticPreview (string,UnityEngine.Object[],int,int)
UnityEditor.AssetPreviewUpdater:CreatePreviewForAsset (UnityEngine.Object,UnityEngine.Object[],string)

[C:\buildslave\unity\build\Modules\Animation\AnimatorController.cpp line 881]

 -> (artifact id: '49d5ddfbcfe8b1dec2d3370d628cc55c') in 0.160251 seconds 
  Import took 0.181276 seconds .

========================================================================
Received Import Request.
  Time since last request: 0.000326 seconds.
  path: Assets/Prefabs/PinkSmoke.prefab
  artifactKey: Guid(7c331437375f2ef43a93cfc9303117ac) Importer(815301076,1909f56bfc062723c751e8b465ee728b)
Start importing Assets/Prefabs/PinkSmoke.prefab using Guid(7c331437375f2ef43a93cfc9303117ac) Importer(815301076,1909f56bfc062723c751e8b465ee728b)  -> (artifact id: 'f5ee976407484b52ba2a4e253dc0315b') in 0.029976 seconds 
  Import took 0.080164 seconds .

========================================================================
Received Import Request.
  Time since last request: 19.809041 seconds.
  path: Assets/Prefabs/Materials/New Material 2.mat
  artifactKey: Guid(d6595edd39ffb0a40811bfd632c6f7d9) Importer(815301076,1909f56bfc062723c751e8b465ee728b)
Start importing Assets/Prefabs/Materials/New Material 2.mat using Guid(d6595edd39ffb0a40811bfd632c6f7d9) Importer(815301076,1909f56bfc062723c751e8b465ee728b)  -> (artifact id: '3ac5b3a9a860e97fc5068963359e824b') in 0.113619 seconds 
  Import took 0.170940 seconds .

========================================================================
Received Import Request.
  Time since last request: 16.624651 seconds.
  path: Assets/Prefabs/ItemRain
  artifactKey: Guid(a8602a42a1180e24887edbc1de17ba8a) Importer(815301076,1909f56bfc062723c751e8b465ee728b)
Start importing Assets/Prefabs/ItemRain using Guid(a8602a42a1180e24887edbc1de17ba8a) Importer(815301076,1909f56bfc062723c751e8b465ee728b)  -> (artifact id: 'ef10115b26d1fb3e7d72d381bc68addf') in 0.002775 seconds 
  Import took 0.122219 seconds .

========================================================================
Received Import Request.
  Time since last request: 1.782410 seconds.
  path: Assets/Prefabs/ItemRain/FallingBox (1).prefab
  artifactKey: Guid(079e1620ed014864e858a12eed968b5c) Importer(815301076,1909f56bfc062723c751e8b465ee728b)
Start importing Assets/Prefabs/ItemRain/FallingBox (1).prefab using Guid(079e1620ed014864e858a12eed968b5c) Importer(815301076,1909f56bfc062723c751e8b465ee728b)  -> (artifact id: 'f63f0e345057ece6ad831d80a2d1ae04') in 0.123372 seconds 
  Import took 0.136851 seconds .

========================================================================
Received Import Request.
  Time since last request: 0.000226 seconds.
  path: Assets/Prefabs/ItemRain/FallingBox.prefab
  artifactKey: Guid(e3d268f095fde9b46a705723d747b823) Importer(815301076,1909f56bfc062723c751e8b465ee728b)
Start importing Assets/Prefabs/ItemRain/FallingBox.prefab using Guid(e3d268f095fde9b46a705723d747b823) Importer(815301076,1909f56bfc062723c751e8b465ee728b)  -> (artifact id: '03c6270fccee75b414ed09c92e59f576') in 0.025725 seconds 
  Import took 0.106774 seconds .

========================================================================
Received Import Request.
  Time since last request: 0.000277 seconds.
  path: Assets/Prefabs/ItemRain/FallingBox (2).prefab
  artifactKey: Guid(229b80850ab8c394d91f9b18a5f2512a) Importer(815301076,1909f56bfc062723c751e8b465ee728b)
Start importing Assets/Prefabs/ItemRain/FallingBox (2).prefab using Guid(229b80850ab8c394d91f9b18a5f2512a) Importer(815301076,1909f56bfc062723c751e8b465ee728b)  -> (artifact id: '7de854cae2e79c3b82ea9b10960ae7e9') in 0.040440 seconds 
  Import took 0.120856 seconds .

========================================================================
Received Import Request.
  Time since last request: 164.979541 seconds.
  path: Assets/Prefabs/ItemRain/spiked_ball.fbx
  artifactKey: Guid(fcc16de673cf96949a7d4451077bca19) Importer(815301076,1909f56bfc062723c751e8b465ee728b)
Start importing Assets/Prefabs/ItemRain/spiked_ball.fbx using Guid(fcc16de673cf96949a7d4451077bca19) Importer(815301076,1909f56bfc062723c751e8b465ee728b)  -> (artifact id: '2639b1fb37882d8b0f914101f1e38eb9') in 0.083901 seconds 
  Import took 0.141200 seconds .

========================================================================
Received Import Request.
  Time since last request: 21.619818 seconds.
  path: Assets/Prefabs/ItemRain/cristmass_candy.fbx
  artifactKey: Guid(c8e7482a93d130c4baf5349a6dd9345a) Importer(815301076,1909f56bfc062723c751e8b465ee728b)
Start importing Assets/Prefabs/ItemRain/cristmass_candy.fbx using Guid(c8e7482a93d130c4baf5349a6dd9345a) Importer(815301076,1909f56bfc062723c751e8b465ee728b)  -> (artifact id: '81a0dc5593cf7964cb0b7284b151a30b') in 0.045366 seconds 
  Import took 0.186324 seconds .

========================================================================
Received Import Request.
  Time since last request: 12.036220 seconds.
  path: Assets/Prefabs/Textures/pink_smoke.png
  artifactKey: Guid(051601f506a0134408c474d396e4c20e) Importer(815301076,1909f56bfc062723c751e8b465ee728b)
Start importing Assets/Prefabs/Textures/pink_smoke.png using Guid(051601f506a0134408c474d396e4c20e) Importer(815301076,1909f56bfc062723c751e8b465ee728b)  -> (artifact id: 'a5a5a3116d0b9590c28aa30e7eed1912') in 0.029940 seconds 
  Import took 0.141382 seconds .

========================================================================
Received Import Request.
  Time since last request: 0.000268 seconds.
  path: Assets/Prefabs/Textures/pink_smoke2.png
  artifactKey: Guid(a749e4fed88b7754b9a21e302cc3f839) Importer(815301076,1909f56bfc062723c751e8b465ee728b)
Start importing Assets/Prefabs/Textures/pink_smoke2.png using Guid(a749e4fed88b7754b9a21e302cc3f839) Importer(815301076,1909f56bfc062723c751e8b465ee728b)  -> (artifact id: '08590a0af910d0c3ee273ebe7ccd27c9') in 0.014172 seconds 
  Import took 0.137757 seconds .

========================================================================
Received Import Request.
  Time since last request: 0.000351 seconds.
  path: Assets/Prefabs/Textures/Star.png
  artifactKey: Guid(47f0fe3b072457c42aed2f1b9f229620) Importer(815301076,1909f56bfc062723c751e8b465ee728b)
Start importing Assets/Prefabs/Textures/Star.png using Guid(47f0fe3b072457c42aed2f1b9f229620) Importer(815301076,1909f56bfc062723c751e8b465ee728b)  -> (artifact id: 'bd7ec9c87ee61d6d019698888a72777c') in 0.022290 seconds 
  Import took 0.063516 seconds .

========================================================================
Received Import Request.
  Time since last request: 0.000412 seconds.
  path: Assets/Prefabs/Textures/Pink_Smoke3.png
  artifactKey: Guid(853c9b2e467e6f64f8b21677396edcf1) Importer(815301076,1909f56bfc062723c751e8b465ee728b)
Start importing Assets/Prefabs/Textures/Pink_Smoke3.png using Guid(853c9b2e467e6f64f8b21677396edcf1) Importer(815301076,1909f56bfc062723c751e8b465ee728b)  -> (artifact id: '3090e4b91c403c5914145998b099c7ce') in 0.014811 seconds 
  Import took 0.088013 seconds .

========================================================================
Received Import Request.
  Time since last request: 2.981712 seconds.
  path: Assets/Prefabs/Textures/crismass_candy_tex.png
  artifactKey: Guid(d242f2288cff3d246825d72297f26a6d) Importer(815301076,1909f56bfc062723c751e8b465ee728b)
Start importing Assets/Prefabs/Textures/crismass_candy_tex.png using Guid(d242f2288cff3d246825d72297f26a6d) Importer(815301076,1909f56bfc062723c751e8b465ee728b)  -> (artifact id: '91276715476028294277c7e73b9f2a42') in 0.015929 seconds 
  Import took 0.020242 seconds .

========================================================================
Received Import Request.
  Time since last request: 0.000298 seconds.
  path: Assets/Prefabs/ItemRain/cristmass_candy.fbx
  artifactKey: Guid(c8e7482a93d130c4baf5349a6dd9345a) Importer(815301076,1909f56bfc062723c751e8b465ee728b)
Start importing Assets/Prefabs/ItemRain/cristmass_candy.fbx using Guid(c8e7482a93d130c4baf5349a6dd9345a) Importer(815301076,1909f56bfc062723c751e8b465ee728b)  -> (artifact id: '9fa23143b9cb1db5975ec754b8c73e83') in 0.032576 seconds 
  Import took 0.073740 seconds .

========================================================================
Received Import Request.
  Time since last request: 32.677116 seconds.
  path: Assets/Prefabs/Materials/New Material 1.mat
  artifactKey: Guid(e288116ae8ed7cf419bafab75a42a443) Importer(815301076,1909f56bfc062723c751e8b465ee728b)
Start importing Assets/Prefabs/Materials/New Material 1.mat using Guid(e288116ae8ed7cf419bafab75a42a443) Importer(815301076,1909f56bfc062723c751e8b465ee728b)  -> (artifact id: 'eadaaaf20436c16872dca686c514d5c8') in 0.017288 seconds 
  Import took 0.023071 seconds .

========================================================================
Received Import Request.
  Time since last request: 0.000413 seconds.
  path: Assets/Prefabs/Materials/New Material.mat
  artifactKey: Guid(070b06fcf532ca54889364921284c1f4) Importer(815301076,1909f56bfc062723c751e8b465ee728b)
Start importing Assets/Prefabs/Materials/New Material.mat using Guid(070b06fcf532ca54889364921284c1f4) Importer(815301076,1909f56bfc062723c751e8b465ee728b)  -> (artifact id: '3810897f15eb0e7dd66114bf0f0781fc') in 0.089313 seconds 
  Import took 0.159769 seconds .

========================================================================
Received Import Request.
  Time since last request: 0.000339 seconds.
  path: Assets/Prefabs/Materials/StarParticle.mat
  artifactKey: Guid(01cd9d010b26f8b498f7c6d92d5c17e3) Importer(815301076,1909f56bfc062723c751e8b465ee728b)
Start importing Assets/Prefabs/Materials/StarParticle.mat using Guid(01cd9d010b26f8b498f7c6d92d5c17e3) Importer(815301076,1909f56bfc062723c751e8b465ee728b)  -> (artifact id: '76119d1f97872cdf823d4f1bd908f8d4') in 0.013687 seconds 
  Import took 0.018129 seconds .

========================================================================
Received Import Request.
  Time since last request: 278.544020 seconds.
  path: Assets/Prefabs/ItemRain/spiked_ball.fbx
  artifactKey: Guid(fcc16de673cf96949a7d4451077bca19) Importer(815301076,1909f56bfc062723c751e8b465ee728b)
Start importing Assets/Prefabs/ItemRain/spiked_ball.fbx using Guid(fcc16de673cf96949a7d4451077bca19) Importer(815301076,1909f56bfc062723c751e8b465ee728b)  -> (artifact id: 'fca46bb593cc712a5c0beacad5d12b42') in 0.041718 seconds 
  Import took 0.086518 seconds .

========================================================================
Received Import Request.
  Time since last request: 4.966470 seconds.
  path: Assets/Prefabs/Textures/Spiked_ball_tex.png
  artifactKey: Guid(304d1dfa40bde3f4e94fff8b0185fb83) Importer(815301076,1909f56bfc062723c751e8b465ee728b)
Start importing Assets/Prefabs/Textures/Spiked_ball_tex.png using Guid(304d1dfa40bde3f4e94fff8b0185fb83) Importer(815301076,1909f56bfc062723c751e8b465ee728b)  -> (artifact id: '5462018ffa26340c9a40837fea38ad64') in 0.018714 seconds 
  Import took 0.024244 seconds .

========================================================================
Received Import Request.
  Time since last request: 6.528898 seconds.
  path: Assets/Prefabs/ItemRain/spiked_ball.fbx
  artifactKey: Guid(fcc16de673cf96949a7d4451077bca19) Importer(815301076,1909f56bfc062723c751e8b465ee728b)
Start importing Assets/Prefabs/ItemRain/spiked_ball.fbx using Guid(fcc16de673cf96949a7d4451077bca19) Importer(815301076,1909f56bfc062723c751e8b465ee728b)  -> (artifact id: 'ffa348fcd18204fb5a3b90f1935cd8ec') in 0.032630 seconds 
  Import took 0.038096 seconds .

========================================================================
Received Import Request.
  Time since last request: 133.826271 seconds.
  path: Assets/Prefabs/RoomItem.prefab
  artifactKey: Guid(fa4ae3b3fd0f36e45b4827b451f96563) Importer(815301076,1909f56bfc062723c751e8b465ee728b)
Start importing Assets/Prefabs/RoomItem.prefab using Guid(fa4ae3b3fd0f36e45b4827b451f96563) Importer(815301076,1909f56bfc062723c751e8b465ee728b)  -> (artifact id: '91495a50d2594fb549c35b80d0b6b46e') in 0.049360 seconds 
  Import took 0.056028 seconds .

========================================================================
Received Import Request.
  Time since last request: 10.371901 seconds.
  path: Assets/Resources/donut_2.prefab
  artifactKey: Guid(b8841429ebc98b248a3d4d3a50b4851c) Importer(815301076,1909f56bfc062723c751e8b465ee728b)
Start importing Assets/Resources/donut_2.prefab using Guid(b8841429ebc98b248a3d4d3a50b4851c) Importer(815301076,1909f56bfc062723c751e8b465ee728b)  -> (artifact id: 'db87a38d4b8d19560a82e7128603d245') in 0.256513 seconds 
  Import took 0.304338 seconds .

========================================================================
Received Import Request.
  Time since last request: 0.000271 seconds.
  path: Assets/Resources/Player(Camera+Model+Controller) - Unpack.prefab
  artifactKey: Guid(4bed0359bbde11a4d9018dbae1deb77c) Importer(815301076,1909f56bfc062723c751e8b465ee728b)
Start importing Assets/Resources/Player(Camera+Model+Controller) - Unpack.prefab using Guid(4bed0359bbde11a4d9018dbae1deb77c) Importer(815301076,1909f56bfc062723c751e8b465ee728b) Controller 'final_bolvan_UV_anim': Transition '' in state 'Boiiiiiiiii' uses parameter 'FreeFall' which is not compatible with condition type.
UnityEngine.StackTraceUtility:ExtractStackTrace ()
UnityEditor.EditorUtility:Internal_InstantiateRemoveAllNonAnimationComponentsSingle (UnityEngine.Object,UnityEngine.Vector3,UnityEngine.Quaternion)
UnityEditor.EditorUtility:InstantiateRemoveAllNonAnimationComponents (UnityEngine.Object,UnityEngine.Vector3,UnityEngine.Quaternion)
UnityEditor.EditorUtility:InstantiateForAnimatorPreview (UnityEngine.Object)
UnityEditor.GameObjectInspector/PreviewData:UpdateGameObject (UnityEngine.Object)
UnityEditor.GameObjectInspector/PreviewData:.ctor (UnityEngine.Object)
UnityEditor.GameObjectInspector:GetPreviewData ()
UnityEditor.GameObjectInspector:RenderStaticPreview (string,UnityEngine.Object[],int,int)
UnityEditor.AssetPreviewUpdater:CreatePreviewForAsset (UnityEngine.Object,UnityEngine.Object[],string)

[C:\buildslave\unity\build\Modules\Animation\AnimatorController.cpp line 881]

 -> (artifact id: '104970d606f5643245acf9c3a5e413a9') in 0.184652 seconds 
  Import took 0.219038 seconds .

========================================================================
Received Import Request.
  Time since last request: 335.442378 seconds.
  path: Assets/Resources/okrujenie.fbx
  artifactKey: Guid(2975c0b5d6aec444ea090c934d256a8f) Importer(815301076,1909f56bfc062723c751e8b465ee728b)
Start importing Assets/Resources/okrujenie.fbx using Guid(2975c0b5d6aec444ea090c934d256a8f) Importer(815301076,1909f56bfc062723c751e8b465ee728b)  -> (artifact id: '23943ca6d8b24659c962ee22868b2f31') in 0.275447 seconds 
  Import took 0.299370 seconds .

========================================================================
Received Import Request.
  Time since last request: 13.790792 seconds.
  path: Assets/Prefabs/Textures/donut.png
  artifactKey: Guid(d62f97ee494ef4e45a2a43c2b4af9b69) Importer(815301076,1909f56bfc062723c751e8b465ee728b)
Start importing Assets/Prefabs/Textures/donut.png using Guid(d62f97ee494ef4e45a2a43c2b4af9b69) Importer(815301076,1909f56bfc062723c751e8b465ee728b)  -> (artifact id: '2a9ad61859176eb3fbafa15f3caf3b22') in 0.021895 seconds 
  Import took 0.056520 seconds .

========================================================================
Received Import Request.
  Time since last request: 0.000304 seconds.
  path: Assets/Prefabs/Textures/montain3.png
  artifactKey: Guid(81f6f227f5c1af748905bfd5b8d5abf3) Importer(815301076,1909f56bfc062723c751e8b465ee728b)
Start importing Assets/Prefabs/Textures/montain3.png using Guid(81f6f227f5c1af748905bfd5b8d5abf3) Importer(815301076,1909f56bfc062723c751e8b465ee728b)  -> (artifact id: '913b830330df820f35059cb908e069c1') in 0.015670 seconds 
  Import took 0.019417 seconds .

========================================================================
Received Import Request.
  Time since last request: 0.000283 seconds.
  path: Assets/Prefabs/Textures/montain_4.png
  artifactKey: Guid(3ddae7c75ae7e254d950109ab8b6c735) Importer(815301076,1909f56bfc062723c751e8b465ee728b)
Start importing Assets/Prefabs/Textures/montain_4.png using Guid(3ddae7c75ae7e254d950109ab8b6c735) Importer(815301076,1909f56bfc062723c751e8b465ee728b)  -> (artifact id: '0a7179a60ae22f39bcfe0670d8f9765d') in 0.013976 seconds 
  Import took 0.054751 seconds .

========================================================================
Received Import Request.
  Time since last request: 0.000659 seconds.
  path: Assets/Prefabs/Textures/Montain2.png
  artifactKey: Guid(141de4e163a13a64aaecb20d45aa6ab8) Importer(815301076,1909f56bfc062723c751e8b465ee728b)
Start importing Assets/Prefabs/Textures/Montain2.png using Guid(141de4e163a13a64aaecb20d45aa6ab8) Importer(815301076,1909f56bfc062723c751e8b465ee728b)  -> (artifact id: '0ce99a17a12c9d8be0159a3dc6be852d') in 0.013541 seconds 
  Import took 0.044582 seconds .

========================================================================
Received Import Request.
  Time since last request: 0.000409 seconds.
  path: Assets/Prefabs/Textures/Montain_1png.png
  artifactKey: Guid(5f0ce237520bf6b4c806d4db58529e2f) Importer(815301076,1909f56bfc062723c751e8b465ee728b)
Start importing Assets/Prefabs/Textures/Montain_1png.png using Guid(5f0ce237520bf6b4c806d4db58529e2f) Importer(815301076,1909f56bfc062723c751e8b465ee728b)  -> (artifact id: '5cd808b1670d15a25ecb83f30b72ece8') in 0.029083 seconds 
  Import took 0.036836 seconds .

